<?xml version="1.0" encoding="UTF-8"?>
<!-- Generated by org.testng.reporters.JUnitXMLReporter -->
<testsuite hostname="MOHAMMADs-MacBook-Pro.local" ignored="0" name="Default test" tests="6" failures="0" timestamp="14 Jul 2017 13:19:28 GMT" time="0.688" errors="0">
  <testcase name="@BeforeClass classSetUp" time="0.0" classname="tests.TestSigninPage">
    <failure type="org.openqa.selenium.NoSuchElementException" message="Unable to locate element: {&amp;quot;method&amp;quot;:&amp;quot;link text&amp;quot;,&amp;quot;selector&amp;quot;:&amp;quot;Signin&amp;quot;}
Command duration or timeout: 21 milliseconds
For documentation on this error, please visit: http://seleniumhq.org/exceptions/no_such_element.html
Build info: version: &amp;apos;2.50.0&amp;apos;, revision: &amp;apos;1070ace4650453d518aeb03e7a9a36c9d264a8e7&amp;apos;, time: &amp;apos;2016-01-27 10:46:18&amp;apos;
System info: host: &amp;apos;MOHAMMADs-MacBook-Pro.local&amp;apos;, ip: &amp;apos;169.254.161.221&amp;apos;, os.name: &amp;apos;Mac OS X&amp;apos;, os.arch: &amp;apos;x86_64&amp;apos;, os.version: &amp;apos;10.11.6&amp;apos;, java.version: &amp;apos;1.8.0_77&amp;apos;
Driver info: org.openqa.selenium.firefox.FirefoxDriver
Capabilities [{applicationCacheEnabled=true, rotatable=false, handlesAlerts=true, databaseEnabled=true, version=33.1.1, platform=MAC, nativeEvents=false, acceptSslCerts=true, webStorageEnabled=true, locationContextEnabled=true, browserName=firefox, takesScreenshot=true, javascriptEnabled=true, cssSelectorsEnabled=true}]
Session ID: aeed6f45-c7af-784e-8097-00f23cc06d44
*** Element info: {Using=link text, value=Signin}">
      <![CDATA[org.openqa.selenium.NoSuchElementException: Unable to locate element: {"method":"link text","selector":"Signin"}
Command duration or timeout: 21 milliseconds
For documentation on this error, please visit: http://seleniumhq.org/exceptions/no_such_element.html
Build info: version: '2.50.0', revision: '1070ace4650453d518aeb03e7a9a36c9d264a8e7', time: '2016-01-27 10:46:18'
System info: host: 'MOHAMMADs-MacBook-Pro.local', ip: '169.254.161.221', os.name: 'Mac OS X', os.arch: 'x86_64', os.version: '10.11.6', java.version: '1.8.0_77'
Driver info: org.openqa.selenium.firefox.FirefoxDriver
Capabilities [{applicationCacheEnabled=true, rotatable=false, handlesAlerts=true, databaseEnabled=true, version=33.1.1, platform=MAC, nativeEvents=false, acceptSslCerts=true, webStorageEnabled=true, locationContextEnabled=true, browserName=firefox, takesScreenshot=true, javascriptEnabled=true, cssSelectorsEnabled=true}]
Session ID: aeed6f45-c7af-784e-8097-00f23cc06d44
*** Element info: {Using=link text, value=Signin}
	at sun.reflect.NativeConstructorAccessorImpl.newInstance0(Native Method)
	at sun.reflect.NativeConstructorAccessorImpl.newInstance(NativeConstructorAccessorImpl.java:62)
	at sun.reflect.DelegatingConstructorAccessorImpl.newInstance(DelegatingConstructorAccessorImpl.java:45)
	at java.lang.reflect.Constructor.newInstance(Constructor.java:423)
	at org.openqa.selenium.remote.ErrorHandler.createThrowable(ErrorHandler.java:206)
	at org.openqa.selenium.remote.ErrorHandler.throwIfResponseFailed(ErrorHandler.java:158)
	at org.openqa.selenium.remote.RemoteWebDriver.execute(RemoteWebDriver.java:678)
	at org.openqa.selenium.remote.RemoteWebDriver.findElement(RemoteWebDriver.java:363)
	at org.openqa.selenium.remote.RemoteWebDriver.findElementByLinkText(RemoteWebDriver.java:428)
	at org.openqa.selenium.By$ByLinkText.findElement(By.java:246)
	at org.openqa.selenium.remote.RemoteWebDriver.findElement(RemoteWebDriver.java:355)
	at org.openqa.selenium.support.pagefactory.DefaultElementLocator.findElement(DefaultElementLocator.java:69)
	at org.openqa.selenium.support.pagefactory.internal.LocatingElementHandler.invoke(LocatingElementHandler.java:38)
	at com.sun.proxy.$Proxy13.click(Unknown Source)
	at tests.TestSigninPage.classSetUp(TestSigninPage.java:25)
	at sun.reflect.NativeMethodAccessorImpl.invoke0(Native Method)
	at sun.reflect.NativeMethodAccessorImpl.invoke(NativeMethodAccessorImpl.java:62)
	at sun.reflect.DelegatingMethodAccessorImpl.invoke(DelegatingMethodAccessorImpl.java:43)
	at java.lang.reflect.Method.invoke(Method.java:498)
	at org.testng.internal.MethodInvocationHelper.invokeMethod(MethodInvocationHelper.java:104)
	at org.testng.internal.Invoker.invokeConfigurationMethod(Invoker.java:515)
	at org.testng.internal.Invoker.invokeConfigurations(Invoker.java:217)
	at org.testng.internal.Invoker.invokeConfigurations(Invoker.java:144)
	at org.testng.internal.TestMethodWorker.invokeBeforeClassMethods(TestMethodWorker.java:169)
	at org.testng.internal.TestMethodWorker.run(TestMethodWorker.java:108)
	at org.testng.TestRunner.privateRun(TestRunner.java:756)
	at org.testng.TestRunner.run(TestRunner.java:610)
	at org.testng.SuiteRunner.runTest(SuiteRunner.java:387)
	at org.testng.SuiteRunner.runSequentially(SuiteRunner.java:382)
	at org.testng.SuiteRunner.privateRun(SuiteRunner.java:340)
	at org.testng.SuiteRunner.run(SuiteRunner.java:289)
	at org.testng.SuiteRunnerWorker.runSuite(SuiteRunnerWorker.java:52)
	at org.testng.SuiteRunnerWorker.run(SuiteRunnerWorker.java:86)
	at org.testng.TestNG.runSuitesSequentially(TestNG.java:1293)
	at org.testng.TestNG.runSuitesLocally(TestNG.java:1218)
	at org.testng.TestNG.runSuites(TestNG.java:1133)
	at org.testng.TestNG.run(TestNG.java:1104)
	at org.testng.remote.AbstractRemoteTestNG.run(AbstractRemoteTestNG.java:126)
	at org.testng.remote.RemoteTestNG.initAndRun(RemoteTestNG.java:152)
	at org.testng.remote.RemoteTestNG.main(RemoteTestNG.java:57)
Caused by: org.openqa.selenium.NoSuchElementException: Unable to locate element: {"method":"link text","selector":"Signin"}
For documentation on this error, please visit: http://seleniumhq.org/exceptions/no_such_element.html
Build info: version: '2.50.0', revision: '1070ace4650453d518aeb03e7a9a36c9d264a8e7', time: '2016-01-27 10:46:18'
System info: host: 'MOHAMMADs-MacBook-Pro.local', ip: '169.254.161.221', os.name: 'Mac OS X', os.arch: 'x86_64', os.version: '10.11.6', java.version: '1.8.0_77'
Driver info: driver.version: unknown
	at <anonymous class>.FirefoxDriver.prototype.findElementInternal_(file:///var/folders/56/j582y45168bb36lq9hrbd8c00000gn/T/anonymous2365803942466901038webdriver-profile/extensions/fxdriver@googlecode.com/components/driver-component.js:10719)
	at <anonymous class>.FirefoxDriver.prototype.findElement(file:///var/folders/56/j582y45168bb36lq9hrbd8c00000gn/T/anonymous2365803942466901038webdriver-profile/extensions/fxdriver@googlecode.com/components/driver-component.js:10728)
	at <anonymous class>.DelayedCommand.prototype.executeInternal_/h(file:///var/folders/56/j582y45168bb36lq9hrbd8c00000gn/T/anonymous2365803942466901038webdriver-profile/extensions/fxdriver@googlecode.com/components/command-processor.js:12595)
	at <anonymous class>.DelayedCommand.prototype.executeInternal_(file:///var/folders/56/j582y45168bb36lq9hrbd8c00000gn/T/anonymous2365803942466901038webdriver-profile/extensions/fxdriver@googlecode.com/components/command-processor.js:12600)
	at <anonymous class>.DelayedCommand.prototype.execute/<(file:///var/folders/56/j582y45168bb36lq9hrbd8c00000gn/T/anonymous2365803942466901038webdriver-profile/extensions/fxdriver@googlecode.com/components/command-processor.js:12542)
]]>
    </failure>
  </testcase> <!-- @BeforeClass classSetUp -->
  <testcase name="@BeforeMethod print" time="0.0" classname="tests.TestSigninPage">
    <skipped/>
  </testcase> <!-- @BeforeMethod print -->
  <testcase name="@AfterMethod MethodEnd" time="0.0" classname="tests.TestSigninPage">
    <skipped/>
  </testcase> <!-- @AfterMethod MethodEnd -->
  <testcase name="@BeforeMethod print" time="0.0" classname="tests.TestSigninPage">
    <skipped/>
  </testcase> <!-- @BeforeMethod print -->
  <testcase name="@AfterMethod MethodEnd" time="0.0" classname="tests.TestSigninPage">
    <skipped/>
  </testcase> <!-- @AfterMethod MethodEnd -->
  <testcase name="@BeforeMethod print" time="0.0" classname="tests.TestSigninPage">
    <skipped/>
  </testcase> <!-- @BeforeMethod print -->
  <testcase name="@AfterMethod MethodEnd" time="0.0" classname="tests.TestSigninPage">
    <skipped/>
  </testcase> <!-- @AfterMethod MethodEnd -->
  <testcase name="@BeforeMethod print" time="0.0" classname="tests.TestSigninPage">
    <skipped/>
  </testcase> <!-- @BeforeMethod print -->
  <testcase name="@AfterMethod MethodEnd" time="0.0" classname="tests.TestSigninPage">
    <skipped/>
  </testcase> <!-- @AfterMethod MethodEnd -->
  <testcase name="@BeforeMethod print" time="0.0" classname="tests.TestSigninPage">
    <skipped/>
  </testcase> <!-- @BeforeMethod print -->
  <testcase name="@AfterMethod MethodEnd" time="0.0" classname="tests.TestSigninPage">
    <skipped/>
  </testcase> <!-- @AfterMethod MethodEnd -->
  <testcase name="@BeforeMethod print" time="0.0" classname="tests.TestSigninPage">
    <skipped/>
  </testcase> <!-- @BeforeMethod print -->
  <testcase name="@AfterMethod MethodEnd" time="0.0" classname="tests.TestSigninPage">
    <skipped/>
  </testcase> <!-- @AfterMethod MethodEnd -->
  <testcase name="@AfterClass classTeardown" time="0.0" classname="tests.TestSigninPage">
    <skipped/>
  </testcase> <!-- @AfterClass classTeardown -->
  <testcase name="signinPage" time="0.0" classname="tests.TestSigninPage">
    <skipped/>
  </testcase> <!-- signinPage -->
  <testcase name="signinPage" time="0.001" classname="tests.TestSigninPage">
    <skipped/>
  </testcase> <!-- signinPage -->
  <testcase name="signinPage" time="0.0" classname="tests.TestSigninPage">
    <skipped/>
  </testcase> <!-- signinPage -->
  <testcase name="signinPage" time="0.0" classname="tests.TestSigninPage">
    <skipped/>
  </testcase> <!-- signinPage -->
  <testcase name="signinPage" time="0.0" classname="tests.TestSigninPage">
    <skipped/>
  </testcase> <!-- signinPage -->
  <testcase name="signinPage" time="0.0" classname="tests.TestSigninPage">
    <skipped/>
  </testcase> <!-- signinPage -->
</testsuite> <!-- Default test -->
