<?xml version="1.0" encoding="UTF-8"?>
<!-- Generated by org.testng.reporters.JUnitReportReporter -->
<testsuite name="tests.TestSigninPage" tests="7" time="10.001" ignored="2" failures="0" timestamp="14 Jul 2017 21:47:08 GMT" skipped="5" hostname="MOHAMMADs-MacBook-Pro.local" errors="1">
  <testcase name="signinPage" time="0.001" classname="tests.TestSigninPage">
    <skipped/>
  </testcase> <!-- signinPage -->
  <testcase name="signinPage" time="0.001" classname="tests.TestSigninPage">
    <skipped/>
  </testcase> <!-- signinPage -->
  <testcase name="MethodEnd" time="0.000" classname="tests.TestSigninPage">
    <error type="org.apache.commons.mail.EmailException" message="Sending the email to the following server failed : smtp.gmail.com:465">
      <![CDATA[org.apache.commons.mail.EmailException: Sending the email to the following server failed : smtp.gmail.com:465
	at org.apache.commons.mail.Email.sendMimeMessage(Email.java:1401)
	at org.apache.commons.mail.Email.send(Email.java:1428)
	at utils.SendEmail.sendEmailNotification(SendEmail.java:30)
	at tests.TestSigninPage.MethodEnd(TestSigninPage.java:56)
	at sun.reflect.NativeMethodAccessorImpl.invoke0(Native Method)
	at sun.reflect.NativeMethodAccessorImpl.invoke(NativeMethodAccessorImpl.java:62)
	at sun.reflect.DelegatingMethodAccessorImpl.invoke(DelegatingMethodAccessorImpl.java:43)
	at java.lang.reflect.Method.invoke(Method.java:498)
	at org.testng.internal.MethodInvocationHelper.invokeMethod(MethodInvocationHelper.java:104)
	at org.testng.internal.Invoker.invokeConfigurationMethod(Invoker.java:515)
	at org.testng.internal.Invoker.invokeConfigurations(Invoker.java:217)
	at org.testng.internal.Invoker.invokeMethod(Invoker.java:712)
	at org.testng.internal.Invoker.invokeTestMethod(Invoker.java:851)
	at org.testng.internal.Invoker.invokeTestMethods(Invoker.java:1177)
	at org.testng.internal.TestMethodWorker.invokeTestMethods(TestMethodWorker.java:129)
	at org.testng.internal.TestMethodWorker.run(TestMethodWorker.java:112)
	at org.testng.TestRunner.privateRun(TestRunner.java:756)
	at org.testng.TestRunner.run(TestRunner.java:610)
	at org.testng.SuiteRunner.runTest(SuiteRunner.java:387)
	at org.testng.SuiteRunner.runSequentially(SuiteRunner.java:382)
	at org.testng.SuiteRunner.privateRun(SuiteRunner.java:340)
	at org.testng.SuiteRunner.run(SuiteRunner.java:289)
	at org.testng.SuiteRunnerWorker.runSuite(SuiteRunnerWorker.java:52)
	at org.testng.SuiteRunnerWorker.run(SuiteRunnerWorker.java:86)
	at org.testng.TestNG.runSuitesSequentially(TestNG.java:1293)
	at org.testng.TestNG.runSuitesLocally(TestNG.java:1218)
	at org.testng.TestNG.runSuites(TestNG.java:1133)
	at org.testng.TestNG.run(TestNG.java:1104)
	at org.testng.remote.AbstractRemoteTestNG.run(AbstractRemoteTestNG.java:126)
	at org.testng.remote.RemoteTestNG.initAndRun(RemoteTestNG.java:152)
	at org.testng.remote.RemoteTestNG.main(RemoteTestNG.java:57)
Caused by: javax.mail.AuthenticationFailedException: 534-5.7.14 <https://accounts.google.com/signin/continue?sarp=1&scc=1&plt=AKgnsbsn
534-5.7.14 ZAveIM5sEMbSOTTFRq9ZzWkiI-3FXX5W-D30-aSLgTUK_0hNkQVaeatYq7V1yVhD5Ull2W
534-5.7.14 5X9GdASb-fJsmz4It3kJM8ooa5H2ECkOZNhIuLV95NAx1nB0DOhumUymZDEGvdMn_ZokiI
534-5.7.14 xsI8YyrmbujD_DTxU8P7bQ2aqCN5GKN1bko4QjJ_CBzeyH9RQrSorK-6hKc2rYfsNZuMBs
534-5.7.14 0ecB2SpKuT2VOcdYTom4z0vCn4O7Q> Please log in via your web browser and
534-5.7.14 then try again.
534-5.7.14  Learn more at
534 5.7.14  https://support.google.com/mail/answer/78754 c199sm1819819qka.9 - gsmtp

	at com.sun.mail.smtp.SMTPTransport$Authenticator.authenticate(SMTPTransport.java:823)
	at com.sun.mail.smtp.SMTPTransport.authenticate(SMTPTransport.java:756)
	at com.sun.mail.smtp.SMTPTransport.protocolConnect(SMTPTransport.java:673)
	at javax.mail.Service.connect(Service.java:317)
	at javax.mail.Service.connect(Service.java:176)
	at javax.mail.Service.connect(Service.java:125)
	at javax.mail.Transport.send0(Transport.java:194)
	at javax.mail.Transport.send(Transport.java:124)
	at org.apache.commons.mail.Email.sendMimeMessage(Email.java:1391)
	... 30 more
]]>
    </error>
  </testcase> <!-- MethodEnd -->
  <testcase name="signinPage" time="0.001" classname="tests.TestSigninPage">
    <skipped/>
  </testcase> <!-- signinPage -->
  <testcase name="signinPage" time="9.998" classname="tests.TestSigninPage"/>
  <testcase name="signinPage" time="0.000" classname="tests.TestSigninPage">
    <skipped/>
  </testcase> <!-- signinPage -->
  <testcase name="signinPage" time="0.000" classname="tests.TestSigninPage">
    <skipped/>
  </testcase> <!-- signinPage -->
  <testcase name="setUp" classname="base.TestBase">
    <skipped/>
  </testcase> <!-- setUp -->
  <testcase name="tearDown" classname="base.TestBase">
    <skipped/>
  </testcase> <!-- tearDown -->
</testsuite> <!-- tests.TestSigninPage -->
